app/build/intermediates/manifest_merge_blame_file/release/manifest-merger-blame-release-report.txt
1<?xml version="1.0" encoding="utf-8"?>
2<manifest xmlns:android="http://schemas.android.com/apk/res/android"
3    package="com.example.chatfirebase"
4    android:versionCode="1"
5    android:versionName="1.0" >
6
7    <uses-sdk
8        android:minSdkVersion="26"
8-->src\main\AndroidManifest.xml
9        android:targetSdkVersion="30" />
9-->src\main\AndroidManifest.xml
10
11    <uses-permission android:name="android.permission.INTERNET" />
11-->src\main\AndroidManifest.xml:4:1-62
11-->src\main\AndroidManifest.xml:4:18-60
12    <uses-permission android:name="android.permission.ACCESS_NETWORK_STATE" />
12-->[com.firebaseui:firebase-ui-auth:6.4.0] AndroidManifest.xml:12:5-79
12-->[com.firebaseui:firebase-ui-auth:6.4.0] AndroidManifest.xml:12:22-76
13    <uses-permission android:name="android.permission.WAKE_LOCK" /> <!-- Required by older versions of Google Play services to create IID tokens -->
13-->[com.google.firebase:firebase-iid:21.0.1] AndroidManifest.xml:24:5-68
13-->[com.google.firebase:firebase-iid:21.0.1] AndroidManifest.xml:24:22-65
14    <uses-permission android:name="com.google.android.c2dm.permission.RECEIVE" />
14-->[com.google.firebase:firebase-iid:21.0.1] AndroidManifest.xml:26:5-82
14-->[com.google.firebase:firebase-iid:21.0.1] AndroidManifest.xml:26:22-79
15    <uses-permission android:name="com.google.android.finsky.permission.BIND_GET_INSTALL_REFERRER_SERVICE" />
15-->[com.google.android.gms:play-services-measurement:18.0.1] AndroidManifest.xml:26:5-110
15-->[com.google.android.gms:play-services-measurement:18.0.1] AndroidManifest.xml:26:22-107
16
17    <application
17-->src\main\AndroidManifest.xml:5:5-38:19
18        android:allowBackup="true"
18-->src\main\AndroidManifest.xml:6:9-35
19        android:appComponentFactory="androidx.core.app.CoreComponentFactory"
19-->[androidx.core:core:1.3.1] AndroidManifest.xml:24:18-86
20        android:extractNativeLibs="false"
21        android:icon="@mipmap/ic_launcher"
21-->src\main\AndroidManifest.xml:7:9-43
22        android:label="@string/app_name"
22-->src\main\AndroidManifest.xml:8:9-41
23        android:roundIcon="@mipmap/ic_launcher_round"
23-->src\main\AndroidManifest.xml:9:9-54
24        android:supportsRtl="true"
24-->src\main\AndroidManifest.xml:10:9-35
25        android:theme="@style/Theme.ChatFireBase" >
25-->src\main\AndroidManifest.xml:11:9-50
26        <activity android:name="com.example.chatfirebase.Authenticate" >
26-->src\main\AndroidManifest.xml:12:9-14:20
26-->src\main\AndroidManifest.xml:12:19-47
27        </activity>
28
29        <service android:name="com.example.chatfirebase.FCMinstanceIdservice" >
29-->src\main\AndroidManifest.xml:16:9-20:19
29-->src\main\AndroidManifest.xml:16:18-54
30            <intent-filter>
30-->src\main\AndroidManifest.xml:17:13-19:29
31                <action android:name="com.google.firebase.INSTANCE_ID_EVENT" />
31-->src\main\AndroidManifest.xml:18:17-80
31-->src\main\AndroidManifest.xml:18:25-77
32            </intent-filter>
33        </service>
34        <service android:name="com.example.chatfirebase.FCMMessagingService" >
34-->src\main\AndroidManifest.xml:21:9-25:19
34-->src\main\AndroidManifest.xml:21:18-53
35            <intent-filter>
35-->src\main\AndroidManifest.xml:22:13-24:29
36                <action android:name="com.google.firebase.MESSAGING_EVENT" />
36-->src\main\AndroidManifest.xml:23:17-78
36-->src\main\AndroidManifest.xml:23:25-75
37            </intent-filter>
38        </service>
39
40        <activity
40-->src\main\AndroidManifest.xml:27:9-30:20
41            android:name="com.example.chatfirebase.ChatActivity"
41-->src\main\AndroidManifest.xml:28:13-41
42            android:parentActivityName="com.example.chatfirebase.MainActivity" >
42-->src\main\AndroidManifest.xml:29:13-55
43        </activity>
44        <activity android:name="com.example.chatfirebase.MainActivity" >
44-->src\main\AndroidManifest.xml:31:9-37:20
44-->src\main\AndroidManifest.xml:31:19-47
45            <intent-filter>
45-->src\main\AndroidManifest.xml:32:13-36:29
46                <action android:name="android.intent.action.MAIN" />
46-->src\main\AndroidManifest.xml:33:17-69
46-->src\main\AndroidManifest.xml:33:25-66
47
48                <category android:name="android.intent.category.LAUNCHER" />
48-->src\main\AndroidManifest.xml:35:17-77
48-->src\main\AndroidManifest.xml:35:27-74
49            </intent-filter>
50        </activity>
51
52        <meta-data
52-->[com.firebaseui:firebase-ui-auth:6.4.0] AndroidManifest.xml:16:9-18:69
53            android:name="com.google.android.gms.version"
53-->[com.firebaseui:firebase-ui-auth:6.4.0] AndroidManifest.xml:17:13-58
54            android:value="@integer/google_play_services_version" />
54-->[com.firebaseui:firebase-ui-auth:6.4.0] AndroidManifest.xml:18:13-66
55        <meta-data
55-->[com.firebaseui:firebase-ui-auth:6.4.0] AndroidManifest.xml:19:9-21:63
56            android:name="com.facebook.sdk.ApplicationId"
56-->[com.firebaseui:firebase-ui-auth:6.4.0] AndroidManifest.xml:20:13-58
57            android:value="@string/facebook_application_id" />
57-->[com.firebaseui:firebase-ui-auth:6.4.0] AndroidManifest.xml:21:13-60
58
59        <activity
59-->[com.firebaseui:firebase-ui-auth:6.4.0] AndroidManifest.xml:23:9-27:61
60            android:name="com.firebase.ui.auth.KickoffActivity"
60-->[com.firebaseui:firebase-ui-auth:6.4.0] AndroidManifest.xml:24:13-64
61            android:exported="false"
61-->[com.firebaseui:firebase-ui-auth:6.4.0] AndroidManifest.xml:25:13-37
62            android:label=""
62-->[com.firebaseui:firebase-ui-auth:6.4.0] AndroidManifest.xml:26:13-29
63            android:theme="@style/FirebaseUI.Transparent" />
63-->[com.firebaseui:firebase-ui-auth:6.4.0] AndroidManifest.xml:27:13-58
64        <activity
64-->[com.firebaseui:firebase-ui-auth:6.4.0] AndroidManifest.xml:28:9-32:61
65            android:name="com.firebase.ui.auth.ui.idp.SingleSignInActivity"
65-->[com.firebaseui:firebase-ui-auth:6.4.0] AndroidManifest.xml:29:13-76
66            android:exported="false"
66-->[com.firebaseui:firebase-ui-auth:6.4.0] AndroidManifest.xml:30:13-37
67            android:label=""
67-->[com.firebaseui:firebase-ui-auth:6.4.0] AndroidManifest.xml:31:13-29
68            android:theme="@style/FirebaseUI.Transparent" />
68-->[com.firebaseui:firebase-ui-auth:6.4.0] AndroidManifest.xml:32:13-58
69        <activity
69-->[com.firebaseui:firebase-ui-auth:6.4.0] AndroidManifest.xml:33:9-37:61
70            android:name="com.firebase.ui.auth.ui.credentials.CredentialSaveActivity"
70-->[com.firebaseui:firebase-ui-auth:6.4.0] AndroidManifest.xml:34:13-86
71            android:exported="false"
71-->[com.firebaseui:firebase-ui-auth:6.4.0] AndroidManifest.xml:35:13-37
72            android:label=""
72-->[com.firebaseui:firebase-ui-auth:6.4.0] AndroidManifest.xml:36:13-29
73            android:theme="@style/FirebaseUI.Transparent" />
73-->[com.firebaseui:firebase-ui-auth:6.4.0] AndroidManifest.xml:37:13-58
74        <activity
74-->[com.firebaseui:firebase-ui-auth:6.4.0] AndroidManifest.xml:38:9-42:58
75            android:name="com.firebase.ui.auth.ui.email.RecoverPasswordActivity"
75-->[com.firebaseui:firebase-ui-auth:6.4.0] AndroidManifest.xml:39:13-81
76            android:exported="false"
76-->[com.firebaseui:firebase-ui-auth:6.4.0] AndroidManifest.xml:40:13-37
77            android:label="@string/fui_title_recover_password_activity"
77-->[com.firebaseui:firebase-ui-auth:6.4.0] AndroidManifest.xml:41:13-72
78            android:windowSoftInputMode="adjustResize" />
78-->[com.firebaseui:firebase-ui-auth:6.4.0] AndroidManifest.xml:42:13-55
79        <activity
79-->[com.firebaseui:firebase-ui-auth:6.4.0] AndroidManifest.xml:43:9-47:58
80            android:name="com.firebase.ui.auth.ui.email.EmailActivity"
80-->[com.firebaseui:firebase-ui-auth:6.4.0] AndroidManifest.xml:44:13-71
81            android:exported="false"
81-->[com.firebaseui:firebase-ui-auth:6.4.0] AndroidManifest.xml:45:13-37
82            android:label="@string/fui_sign_in_default"
82-->[com.firebaseui:firebase-ui-auth:6.4.0] AndroidManifest.xml:46:13-56
83            android:windowSoftInputMode="adjustResize" />
83-->[com.firebaseui:firebase-ui-auth:6.4.0] AndroidManifest.xml:47:13-55
84        <activity
84-->[com.firebaseui:firebase-ui-auth:6.4.0] AndroidManifest.xml:48:9-52:77
85            android:name="com.firebase.ui.auth.ui.phone.PhoneActivity"
85-->[com.firebaseui:firebase-ui-auth:6.4.0] AndroidManifest.xml:49:13-71
86            android:exported="false"
86-->[com.firebaseui:firebase-ui-auth:6.4.0] AndroidManifest.xml:50:13-37
87            android:label="@string/fui_sign_in_with_phone_number"
87-->[com.firebaseui:firebase-ui-auth:6.4.0] AndroidManifest.xml:51:13-66
88            android:windowSoftInputMode="adjustResize|stateAlwaysVisible" />
88-->[com.firebaseui:firebase-ui-auth:6.4.0] AndroidManifest.xml:52:13-74
89        <activity
89-->[com.firebaseui:firebase-ui-auth:6.4.0] AndroidManifest.xml:53:9-57:58
90            android:name="com.firebase.ui.auth.ui.idp.WelcomeBackIdpPrompt"
90-->[com.firebaseui:firebase-ui-auth:6.4.0] AndroidManifest.xml:54:13-76
91            android:exported="false"
91-->[com.firebaseui:firebase-ui-auth:6.4.0] AndroidManifest.xml:55:13-37
92            android:label="@string/fui_title_welcome_back_idp_prompt"
92-->[com.firebaseui:firebase-ui-auth:6.4.0] AndroidManifest.xml:56:13-70
93            android:windowSoftInputMode="adjustResize" />
93-->[com.firebaseui:firebase-ui-auth:6.4.0] AndroidManifest.xml:57:13-55
94        <activity
94-->[com.firebaseui:firebase-ui-auth:6.4.0] AndroidManifest.xml:58:9-62:58
95            android:name="com.firebase.ui.auth.ui.email.WelcomeBackPasswordPrompt"
95-->[com.firebaseui:firebase-ui-auth:6.4.0] AndroidManifest.xml:59:13-83
96            android:exported="false"
96-->[com.firebaseui:firebase-ui-auth:6.4.0] AndroidManifest.xml:60:13-37
97            android:label="@string/fui_title_welcome_back_password_prompt"
97-->[com.firebaseui:firebase-ui-auth:6.4.0] AndroidManifest.xml:61:13-75
98            android:windowSoftInputMode="adjustResize" />
98-->[com.firebaseui:firebase-ui-auth:6.4.0] AndroidManifest.xml:62:13-55
99        <activity
99-->[com.firebaseui:firebase-ui-auth:6.4.0] AndroidManifest.xml:63:9-67:58
100            android:name="com.firebase.ui.auth.ui.email.WelcomeBackEmailLinkPrompt"
100-->[com.firebaseui:firebase-ui-auth:6.4.0] AndroidManifest.xml:64:13-84
101            android:exported="false"
101-->[com.firebaseui:firebase-ui-auth:6.4.0] AndroidManifest.xml:65:13-37
102            android:label="@string/fui_title_welcome_back_password_prompt"
102-->[com.firebaseui:firebase-ui-auth:6.4.0] AndroidManifest.xml:66:13-75
103            android:windowSoftInputMode="adjustResize" />
103-->[com.firebaseui:firebase-ui-auth:6.4.0] AndroidManifest.xml:67:13-55
104        <activity
104-->[com.firebaseui:firebase-ui-auth:6.4.0] AndroidManifest.xml:68:9-73:58
105            android:name="com.firebase.ui.auth.ui.email.EmailLinkCatcherActivity"
105-->[com.firebaseui:firebase-ui-auth:6.4.0] AndroidManifest.xml:69:13-82
106            android:exported="false"
106-->[com.firebaseui:firebase-ui-auth:6.4.0] AndroidManifest.xml:70:13-37
107            android:label=""
107-->[com.firebaseui:firebase-ui-auth:6.4.0] AndroidManifest.xml:71:13-29
108            android:theme="@style/FirebaseUI.Transparent"
108-->[com.firebaseui:firebase-ui-auth:6.4.0] AndroidManifest.xml:72:13-58
109            android:windowSoftInputMode="adjustResize" />
109-->[com.firebaseui:firebase-ui-auth:6.4.0] AndroidManifest.xml:73:13-55
110        <activity
110-->[com.firebaseui:firebase-ui-auth:6.4.0] AndroidManifest.xml:74:9-78:58
111            android:name="com.firebase.ui.auth.ui.email.EmailLinkErrorRecoveryActivity"
111-->[com.firebaseui:firebase-ui-auth:6.4.0] AndroidManifest.xml:75:13-88
112            android:exported="false"
112-->[com.firebaseui:firebase-ui-auth:6.4.0] AndroidManifest.xml:76:13-37
113            android:label="@string/fui_sign_in_default"
113-->[com.firebaseui:firebase-ui-auth:6.4.0] AndroidManifest.xml:77:13-56
114            android:windowSoftInputMode="adjustResize" />
114-->[com.firebaseui:firebase-ui-auth:6.4.0] AndroidManifest.xml:78:13-55
115        <activity
115-->[com.firebaseui:firebase-ui-auth:6.4.0] AndroidManifest.xml:79:9-82:65
116            android:name="com.firebase.ui.auth.ui.idp.AuthMethodPickerActivity"
116-->[com.firebaseui:firebase-ui-auth:6.4.0] AndroidManifest.xml:80:13-80
117            android:exported="false"
117-->[com.firebaseui:firebase-ui-auth:6.4.0] AndroidManifest.xml:81:13-37
118            android:label="@string/fui_default_toolbar_title" />
118-->[com.firebaseui:firebase-ui-auth:6.4.0] AndroidManifest.xml:82:13-62
119        <activity
119-->[com.firebaseui:firebase-ui-auth:6.4.0] AndroidManifest.xml:83:9-87:48
120            android:name="com.facebook.FacebookActivity"
120-->[com.firebaseui:firebase-ui-auth:6.4.0] AndroidManifest.xml:84:13-57
121            android:configChanges="keyboard|keyboardHidden|screenLayout|screenSize|orientation"
121-->[com.firebaseui:firebase-ui-auth:6.4.0] AndroidManifest.xml:85:13-96
122            android:label="@string/app_name" />
122-->[com.firebaseui:firebase-ui-auth:6.4.0] AndroidManifest.xml:86:13-45
123        <activity
123-->[com.firebaseui:firebase-ui-auth:6.4.0] AndroidManifest.xml:88:9-100:20
124            android:name="com.facebook.CustomTabActivity"
124-->[com.firebaseui:firebase-ui-auth:6.4.0] AndroidManifest.xml:89:13-58
125            android:exported="true" >
125-->[com.firebaseui:firebase-ui-auth:6.4.0] AndroidManifest.xml:90:13-36
126            <intent-filter>
126-->[com.firebaseui:firebase-ui-auth:6.4.0] AndroidManifest.xml:92:13-99:29
127                <action android:name="android.intent.action.VIEW" />
127-->[com.firebaseui:firebase-ui-auth:6.4.0] AndroidManifest.xml:93:17-69
127-->[com.firebaseui:firebase-ui-auth:6.4.0] AndroidManifest.xml:93:25-66
128
129                <category android:name="android.intent.category.DEFAULT" />
129-->[com.firebaseui:firebase-ui-auth:6.4.0] AndroidManifest.xml:95:17-76
129-->[com.firebaseui:firebase-ui-auth:6.4.0] AndroidManifest.xml:95:27-73
130                <category android:name="android.intent.category.BROWSABLE" />
130-->[com.firebaseui:firebase-ui-auth:6.4.0] AndroidManifest.xml:96:17-78
130-->[com.firebaseui:firebase-ui-auth:6.4.0] AndroidManifest.xml:96:27-75
131
132                <data android:scheme="@string/facebook_login_protocol_scheme" />
132-->[com.firebaseui:firebase-ui-auth:6.4.0] AndroidManifest.xml:98:17-81
132-->[com.firebaseui:firebase-ui-auth:6.4.0] AndroidManifest.xml:98:23-78
133            </intent-filter>
134        </activity>
135
136        <provider
136-->[com.firebaseui:firebase-ui-auth:6.4.0] AndroidManifest.xml:102:9-106:38
137            android:name="com.firebase.ui.auth.data.client.AuthUiInitProvider"
137-->[com.firebaseui:firebase-ui-auth:6.4.0] AndroidManifest.xml:103:13-79
138            android:authorities="com.example.chatfirebase.authuiinitprovider"
138-->[com.firebaseui:firebase-ui-auth:6.4.0] AndroidManifest.xml:104:13-70
139            android:exported="false"
139-->[com.firebaseui:firebase-ui-auth:6.4.0] AndroidManifest.xml:105:13-37
140            android:initOrder="90" />
140-->[com.firebaseui:firebase-ui-auth:6.4.0] AndroidManifest.xml:106:13-35
141        <!--
142             FirebaseMessagingService performs security checks at runtime,
143             but set to not exported to explicitly avoid allowing another app to call it.
144        -->
145        <service
145-->[com.google.firebase:firebase-messaging:21.0.1] AndroidManifest.xml:28:9-35:19
146            android:name="com.google.firebase.messaging.FirebaseMessagingService"
146-->[com.google.firebase:firebase-messaging:21.0.1] AndroidManifest.xml:29:13-82
147            android:directBootAware="true"
147-->[com.google.firebase:firebase-messaging:21.0.1] AndroidManifest.xml:30:13-43
148            android:exported="false" >
148-->[com.google.firebase:firebase-messaging:21.0.1] AndroidManifest.xml:31:13-37
149            <intent-filter android:priority="-500" >
149-->src\main\AndroidManifest.xml:22:13-24:29
150                <action android:name="com.google.firebase.MESSAGING_EVENT" />
150-->src\main\AndroidManifest.xml:23:17-78
150-->src\main\AndroidManifest.xml:23:25-75
151            </intent-filter>
152        </service>
153        <service
153-->[com.google.firebase:firebase-messaging:21.0.1] AndroidManifest.xml:36:9-42:19
154            android:name="com.google.firebase.components.ComponentDiscoveryService"
154-->[com.google.firebase:firebase-messaging:21.0.1] AndroidManifest.xml:37:13-84
155            android:directBootAware="true"
155-->[com.google.firebase:firebase-common:19.5.0] AndroidManifest.xml:35:13-43
156            android:exported="false" >
156-->[com.google.firebase:firebase-messaging:21.0.1] AndroidManifest.xml:38:13-37
157            <meta-data
157-->[com.google.firebase:firebase-messaging:21.0.1] AndroidManifest.xml:39:13-41:85
158                android:name="com.google.firebase.components:com.google.firebase.messaging.FirebaseMessagingRegistrar"
158-->[com.google.firebase:firebase-messaging:21.0.1] AndroidManifest.xml:40:17-119
159                android:value="com.google.firebase.components.ComponentRegistrar" />
159-->[com.google.firebase:firebase-messaging:21.0.1] AndroidManifest.xml:41:17-82
160            <meta-data
160-->[com.google.firebase:firebase-database:19.6.0] AndroidManifest.xml:32:13-34:85
161                android:name="com.google.firebase.components:com.google.firebase.database.DatabaseRegistrar"
161-->[com.google.firebase:firebase-database:19.6.0] AndroidManifest.xml:33:17-109
162                android:value="com.google.firebase.components.ComponentRegistrar" />
162-->[com.google.firebase:firebase-database:19.6.0] AndroidManifest.xml:34:17-82
163            <meta-data
163-->[com.google.firebase:firebase-auth:20.0.2] AndroidManifest.xml:77:13-79:85
164                android:name="com.google.firebase.components:com.google.firebase.auth.FirebaseAuthRegistrar"
164-->[com.google.firebase:firebase-auth:20.0.2] AndroidManifest.xml:78:17-109
165                android:value="com.google.firebase.components.ComponentRegistrar" />
165-->[com.google.firebase:firebase-auth:20.0.2] AndroidManifest.xml:79:17-82
166            <meta-data
166-->[com.google.firebase:firebase-datatransport:17.0.10] AndroidManifest.xml:28:13-30:85
167                android:name="com.google.firebase.components:com.google.firebase.datatransport.TransportRegistrar"
167-->[com.google.firebase:firebase-datatransport:17.0.10] AndroidManifest.xml:29:17-115
168                android:value="com.google.firebase.components.ComponentRegistrar" />
168-->[com.google.firebase:firebase-datatransport:17.0.10] AndroidManifest.xml:30:17-82
169            <meta-data
169-->[com.google.firebase:firebase-iid:21.0.1] AndroidManifest.xml:32:13-34:85
170                android:name="com.google.firebase.components:com.google.firebase.iid.Registrar"
170-->[com.google.firebase:firebase-iid:21.0.1] AndroidManifest.xml:33:17-96
171                android:value="com.google.firebase.components.ComponentRegistrar" />
171-->[com.google.firebase:firebase-iid:21.0.1] AndroidManifest.xml:34:17-82
172            <meta-data
172-->[com.google.android.gms:play-services-measurement-api:18.0.1] AndroidManifest.xml:30:13-32:85
173                android:name="com.google.firebase.components:com.google.firebase.analytics.connector.internal.AnalyticsConnectorRegistrar"
173-->[com.google.android.gms:play-services-measurement-api:18.0.1] AndroidManifest.xml:31:17-139
174                android:value="com.google.firebase.components.ComponentRegistrar" />
174-->[com.google.android.gms:play-services-measurement-api:18.0.1] AndroidManifest.xml:32:17-82
175            <meta-data
175-->[com.google.firebase:firebase-installations:16.3.5] AndroidManifest.xml:18:13-20:85
176                android:name="com.google.firebase.components:com.google.firebase.installations.FirebaseInstallationsRegistrar"
176-->[com.google.firebase:firebase-installations:16.3.5] AndroidManifest.xml:19:17-127
177                android:value="com.google.firebase.components.ComponentRegistrar" />
177-->[com.google.firebase:firebase-installations:16.3.5] AndroidManifest.xml:20:17-82
178            <!--
179                This registrar is not defined in the dynamic-module-support sdk itself to allow non-firebase
180                clients to use it as well, by defining this registrar in their own core/common library.
181            -->
182            <meta-data
182-->[com.google.firebase:firebase-common:19.5.0] AndroidManifest.xml:43:13-45:85
183                android:name="com.google.firebase.components:com.google.firebase.dynamicloading.DynamicLoadingRegistrar"
183-->[com.google.firebase:firebase-common:19.5.0] AndroidManifest.xml:44:17-121
184                android:value="com.google.firebase.components.ComponentRegistrar" />
184-->[com.google.firebase:firebase-common:19.5.0] AndroidManifest.xml:45:17-82
185        </service>
186
187        <activity
187-->[com.google.firebase:firebase-auth:20.0.2] AndroidManifest.xml:27:9-44:20
188            android:name="com.google.firebase.auth.internal.GenericIdpActivity"
188-->[com.google.firebase:firebase-auth:20.0.2] AndroidManifest.xml:28:13-80
189            android:excludeFromRecents="true"
189-->[com.google.firebase:firebase-auth:20.0.2] AndroidManifest.xml:29:13-46
190            android:exported="true"
190-->[com.google.firebase:firebase-auth:20.0.2] AndroidManifest.xml:30:13-36
191            android:launchMode="singleTask"
191-->[com.google.firebase:firebase-auth:20.0.2] AndroidManifest.xml:31:13-44
192            android:theme="@android:style/Theme.Translucent.NoTitleBar" >
192-->[com.google.firebase:firebase-auth:20.0.2] AndroidManifest.xml:32:13-72
193            <intent-filter>
193-->[com.google.firebase:firebase-auth:20.0.2] AndroidManifest.xml:33:13-43:29
194                <action android:name="android.intent.action.VIEW" />
194-->[com.firebaseui:firebase-ui-auth:6.4.0] AndroidManifest.xml:93:17-69
194-->[com.firebaseui:firebase-ui-auth:6.4.0] AndroidManifest.xml:93:25-66
195
196                <category android:name="android.intent.category.DEFAULT" />
196-->[com.firebaseui:firebase-ui-auth:6.4.0] AndroidManifest.xml:95:17-76
196-->[com.firebaseui:firebase-ui-auth:6.4.0] AndroidManifest.xml:95:27-73
197                <category android:name="android.intent.category.BROWSABLE" />
197-->[com.firebaseui:firebase-ui-auth:6.4.0] AndroidManifest.xml:96:17-78
197-->[com.firebaseui:firebase-ui-auth:6.4.0] AndroidManifest.xml:96:27-75
198
199                <data
199-->[com.firebaseui:firebase-ui-auth:6.4.0] AndroidManifest.xml:98:17-81
200                    android:host="firebase.auth"
201                    android:path="/"
202                    android:scheme="genericidp" />
202-->[com.firebaseui:firebase-ui-auth:6.4.0] AndroidManifest.xml:98:23-78
203            </intent-filter>
204        </activity>
205        <activity
205-->[com.google.firebase:firebase-auth:20.0.2] AndroidManifest.xml:45:9-62:20
206            android:name="com.google.firebase.auth.internal.RecaptchaActivity"
206-->[com.google.firebase:firebase-auth:20.0.2] AndroidManifest.xml:46:13-79
207            android:excludeFromRecents="true"
207-->[com.google.firebase:firebase-auth:20.0.2] AndroidManifest.xml:47:13-46
208            android:exported="true"
208-->[com.google.firebase:firebase-auth:20.0.2] AndroidManifest.xml:48:13-36
209            android:launchMode="singleTask"
209-->[com.google.firebase:firebase-auth:20.0.2] AndroidManifest.xml:49:13-44
210            android:theme="@android:style/Theme.Translucent.NoTitleBar" >
210-->[com.google.firebase:firebase-auth:20.0.2] AndroidManifest.xml:50:13-72
211            <intent-filter>
211-->[com.google.firebase:firebase-auth:20.0.2] AndroidManifest.xml:51:13-61:29
212                <action android:name="android.intent.action.VIEW" />
212-->[com.firebaseui:firebase-ui-auth:6.4.0] AndroidManifest.xml:93:17-69
212-->[com.firebaseui:firebase-ui-auth:6.4.0] AndroidManifest.xml:93:25-66
213
214                <category android:name="android.intent.category.DEFAULT" />
214-->[com.firebaseui:firebase-ui-auth:6.4.0] AndroidManifest.xml:95:17-76
214-->[com.firebaseui:firebase-ui-auth:6.4.0] AndroidManifest.xml:95:27-73
215                <category android:name="android.intent.category.BROWSABLE" />
215-->[com.firebaseui:firebase-ui-auth:6.4.0] AndroidManifest.xml:96:17-78
215-->[com.firebaseui:firebase-ui-auth:6.4.0] AndroidManifest.xml:96:27-75
216
217                <data
217-->[com.firebaseui:firebase-ui-auth:6.4.0] AndroidManifest.xml:98:17-81
218                    android:host="firebase.auth"
219                    android:path="/"
220                    android:scheme="recaptcha" />
220-->[com.firebaseui:firebase-ui-auth:6.4.0] AndroidManifest.xml:98:23-78
221            </intent-filter>
222        </activity>
223
224        <service
224-->[com.google.firebase:firebase-auth:20.0.2] AndroidManifest.xml:64:9-73:19
225            android:name="com.google.firebase.auth.api.fallback.service.FirebaseAuthFallbackService"
225-->[com.google.firebase:firebase-auth:20.0.2] AndroidManifest.xml:65:13-101
226            android:enabled="true"
226-->[com.google.firebase:firebase-auth:20.0.2] AndroidManifest.xml:66:13-35
227            android:exported="false" >
227-->[com.google.firebase:firebase-auth:20.0.2] AndroidManifest.xml:67:13-37
228            <intent-filter>
228-->[com.google.firebase:firebase-auth:20.0.2] AndroidManifest.xml:68:13-72:29
229                <action android:name="com.google.firebase.auth.api.gms.service.START" />
229-->[com.google.firebase:firebase-auth:20.0.2] AndroidManifest.xml:69:17-89
229-->[com.google.firebase:firebase-auth:20.0.2] AndroidManifest.xml:69:25-86
230
231                <category android:name="android.intent.category.DEFAULT" />
231-->[com.firebaseui:firebase-ui-auth:6.4.0] AndroidManifest.xml:95:17-76
231-->[com.firebaseui:firebase-ui-auth:6.4.0] AndroidManifest.xml:95:27-73
232            </intent-filter>
233        </service>
234        <service
234-->[com.google.android.datatransport:transport-backend-cct:2.3.3] AndroidManifest.xml:29:9-35:19
235            android:name="com.google.android.datatransport.runtime.backends.TransportBackendDiscovery"
235-->[com.google.android.datatransport:transport-backend-cct:2.3.3] AndroidManifest.xml:30:13-103
236            android:exported="false" >
236-->[com.google.android.datatransport:transport-backend-cct:2.3.3] AndroidManifest.xml:31:13-37
237            <meta-data
237-->[com.google.android.datatransport:transport-backend-cct:2.3.3] AndroidManifest.xml:32:13-34:39
238                android:name="backend:com.google.android.datatransport.cct.CctBackendFactory"
238-->[com.google.android.datatransport:transport-backend-cct:2.3.3] AndroidManifest.xml:33:17-94
239                android:value="cct" />
239-->[com.google.android.datatransport:transport-backend-cct:2.3.3] AndroidManifest.xml:34:17-36
240        </service>
241
242        <receiver
242-->[com.google.firebase:firebase-iid:21.0.1] AndroidManifest.xml:37:9-44:20
243            android:name="com.google.firebase.iid.FirebaseInstanceIdReceiver"
243-->[com.google.firebase:firebase-iid:21.0.1] AndroidManifest.xml:38:13-78
244            android:exported="true"
244-->[com.google.firebase:firebase-iid:21.0.1] AndroidManifest.xml:39:13-36
245            android:permission="com.google.android.c2dm.permission.SEND" >
245-->[com.google.firebase:firebase-iid:21.0.1] AndroidManifest.xml:40:13-73
246            <intent-filter>
246-->[com.google.firebase:firebase-iid:21.0.1] AndroidManifest.xml:41:13-43:29
247                <action android:name="com.google.android.c2dm.intent.RECEIVE" />
247-->[com.google.firebase:firebase-iid:21.0.1] AndroidManifest.xml:42:17-81
247-->[com.google.firebase:firebase-iid:21.0.1] AndroidManifest.xml:42:25-78
248            </intent-filter>
249        </receiver>
250
251        <provider
251-->[com.google.firebase:firebase-common:19.5.0] AndroidManifest.xml:26:9-31:39
252            android:name="com.google.firebase.provider.FirebaseInitProvider"
252-->[com.google.firebase:firebase-common:19.5.0] AndroidManifest.xml:27:13-77
253            android:authorities="com.example.chatfirebase.firebaseinitprovider"
253-->[com.google.firebase:firebase-common:19.5.0] AndroidManifest.xml:28:13-72
254            android:directBootAware="true"
254-->[com.google.firebase:firebase-common:19.5.0] AndroidManifest.xml:29:13-43
255            android:exported="false"
255-->[com.google.firebase:firebase-common:19.5.0] AndroidManifest.xml:30:13-37
256            android:initOrder="100" />
256-->[com.google.firebase:firebase-common:19.5.0] AndroidManifest.xml:31:13-36
257
258        <activity
258-->[com.google.android.gms:play-services-auth:17.0.0] AndroidManifest.xml:23:9-27:75
259            android:name="com.google.android.gms.auth.api.signin.internal.SignInHubActivity"
259-->[com.google.android.gms:play-services-auth:17.0.0] AndroidManifest.xml:24:13-93
260            android:excludeFromRecents="true"
260-->[com.google.android.gms:play-services-auth:17.0.0] AndroidManifest.xml:25:13-46
261            android:exported="false"
261-->[com.google.android.gms:play-services-auth:17.0.0] AndroidManifest.xml:26:13-37
262            android:theme="@android:style/Theme.Translucent.NoTitleBar" />
262-->[com.google.android.gms:play-services-auth:17.0.0] AndroidManifest.xml:27:13-72
263        <!--
264            Service handling Google Sign-In user revocation. For apps that do not integrate with
265            Google Sign-In, this service will never be started.
266        -->
267        <service
267-->[com.google.android.gms:play-services-auth:17.0.0] AndroidManifest.xml:33:9-36:110